
> frontend@0.0.0 build
> tsc && vite build

src/components/common/SidebarItem.tsx(1,1): error TS6133: 'React' is declared but its value is never read.
src/components/common/SidebarItem.tsx(2,10): error TS1484: 'LucideIcon' is a type and must be imported using a type-only import when 'verbatimModuleSyntax' is enabled.
src/components/common/StatusMessage.tsx(1,1): error TS6133: 'React' is declared but its value is never read.
src/features/duplicates/DuplicateFinder.tsx(1,1): error TS6133: 'React' is declared but its value is never read.
src/features/home/Home.tsx(1,1): error TS6133: 'React' is declared but its value is never read.
src/features/seasons/SeasonClassifier.tsx(1,1): error TS6133: 'React' is declared but its value is never read.
src/features/settings/Settings.tsx(1,1): error TS6133: 'React' is declared but its value is never read.
